=== Branch and Bound para TSP ===
Instância: large_1
Método: Branch and Bound
Número de cidades: 15

Matriz de distâncias:
   0.00  180.00  220.00  150.00  190.00  160.00  200.00  170.00  210.00  165.00  195.00  175.00  185.00  230.00  205.00 
 180.00    0.00  160.00  210.00  180.00  230.00  155.00  200.00  190.00  210.00  170.00  195.00  165.00  180.00  220.00 
 220.00  160.00    0.00  140.00  200.00  220.00  190.00  150.00  180.00  170.00  210.00  160.00  195.00  170.00  185.00 
 150.00  210.00  140.00    0.00  170.00  200.00  160.00  190.00  150.00  220.00  180.00  195.00  155.00  210.00  175.00 
 190.00  180.00  200.00  170.00    0.00  150.00  210.00  180.00  160.00  190.00  165.00  185.00  200.00  170.00  195.00 
 160.00  230.00  220.00  200.00  150.00    0.00  190.00  160.00  210.00  180.00  220.00  165.00  185.00  200.00  170.00 
 200.00  155.00  190.00  160.00  210.00  190.00    0.00  170.00  200.00  150.00  180.00  195.00  160.00  210.00  165.00 
 170.00  200.00  150.00  190.00  180.00  160.00  170.00    0.00  140.00  210.00  175.00  165.00  190.00  180.00  205.00 
 210.00  190.00  180.00  150.00  160.00  210.00  200.00  140.00    0.00  190.00  210.00  180.00  170.00  155.00  195.00 
 165.00  210.00  170.00  220.00  190.00  180.00  150.00  210.00  190.00    0.00  150.00  210.00  180.00  200.00  160.00 
 195.00  170.00  210.00  180.00  165.00  220.00  180.00  175.00  210.00  150.00    0.00  170.00  190.00  165.00  200.00 
 175.00  195.00  160.00  195.00  185.00  165.00  195.00  165.00  180.00  210.00  170.00    0.00  150.00  190.00  170.00 
 185.00  165.00  195.00  155.00  200.00  185.00  160.00  190.00  170.00  180.00  190.00  150.00    0.00  180.00  165.00 
 230.00  180.00  170.00  210.00  170.00  200.00  210.00  180.00  155.00  200.00  165.00  190.00  180.00    0.00  150.00 
 205.00  220.00  185.00  175.00  195.00  170.00  165.00  205.00  195.00  160.00  200.00  170.00  165.00  150.00    0.00 

Matriz de riscos:
   0.00    0.25    0.35    0.15    0.25    0.35    0.25    0.15    0.25    0.35    0.20    0.30    0.25    0.35    0.30 
   0.25    0.00    0.25    0.35    0.15    0.25    0.35    0.25    0.15    0.25    0.30    0.20    0.30    0.25    0.35 
   0.35    0.25    0.00    0.25    0.35    0.15    0.25    0.35    0.25    0.15    0.25    0.35    0.20    0.30    0.25 
   0.15    0.35    0.25    0.00    0.25    0.35    0.15    0.25    0.35    0.25    0.35    0.25    0.30    0.20    0.30 
   0.25    0.15    0.35    0.25    0.00    0.25    0.35    0.15    0.25    0.35    0.20    0.30    0.25    0.35    0.25 
   0.35    0.25    0.15    0.35    0.25    0.00    0.25    0.35    0.15    0.25    0.30    0.20    0.35    0.25    0.30 
   0.25    0.35    0.25    0.15    0.35    0.25    0.00    0.25    0.35    0.15    0.25    0.35    0.20    0.30    0.25 
   0.15    0.25    0.35    0.25    0.15    0.35    0.25    0.00    0.25    0.35    0.35    0.25    0.30    0.20    0.30 
   0.25    0.15    0.25    0.35    0.25    0.15    0.35    0.25    0.00    0.25    0.20    0.30    0.25    0.35    0.25 
   0.35    0.25    0.15    0.25    0.35    0.25    0.15    0.35    0.25    0.00    0.30    0.20    0.35    0.25    0.30 
   0.20    0.30    0.25    0.35    0.20    0.30    0.25    0.35    0.20    0.30    0.00    0.25    0.20    0.30    0.25 
   0.30    0.20    0.35    0.25    0.30    0.20    0.35    0.25    0.30    0.20    0.25    0.00    0.30    0.20    0.35 
   0.25    0.30    0.20    0.30    0.25    0.35    0.20    0.30    0.25    0.35    0.20    0.30    0.00    0.25    0.20 
   0.35    0.25    0.30    0.20    0.35    0.25    0.30    0.20    0.35    0.25    0.30    0.20    0.25    0.00    0.30 
   0.30    0.35    0.25    0.30    0.25    0.30    0.25    0.30    0.25    0.30    0.25    0.35    0.20    0.30    0.00 

Tempos mínimos:
KingsLanding: 15
Winterfell: 12
CasterlyRock: 13
Dragonstone: 11
Highgarden: 12
Sunspear: 10
Pyke: 11
Riverrun: 12
Storms_End: 13
The_Eyrie: 11
Oldtown: 12
The_Twins: 10
Harrenhal: 11
The_Wall: 14
Eastwatch: 12

=== Execução do algoritmo ===

Resultados finais:
Custo: 3194.75
Tempo: 0.00 s
Gap: 17.36%
Viável: Sim

Rota encontrada:
KingsLanding Dragonstone Pyke The_Eyrie Oldtown Highgarden Storms_End Riverrun The_Twins Harrenhal Eastwatch The_Wall CasterlyRock Winterfell Sunspear 
