=== Branch and Bound para TSP ===
Instância: large_2
Método: Branch and Bound
Número de cidades: 25

Matriz de distâncias:
   0.00  312.00  657.00  488.00  559.00  607.00  617.00  609.00  431.00  544.00  734.00  666.00  419.00  557.00  489.00  559.00  527.00  693.00  310.00  579.00  511.00  724.00  476.00  322.00  531.00 
 313.00    0.00  327.00  584.00  532.00  347.00  622.00  351.00  590.00  504.00  378.00  706.00  415.00  412.00  447.00  401.00  498.00  639.00  582.00  299.00  466.00  498.00  398.00  553.00  444.00 
 704.00  271.00    0.00  712.00  517.00  472.00  642.00  257.00  269.00  594.00  638.00  669.00  361.00  373.00  471.00  327.00  745.00  376.00  505.00  521.00  644.00  612.00  364.00  361.00  484.00 
 477.00  506.00  316.00    0.00  613.00  271.00  593.00  349.00  527.00  630.00  429.00  663.00  615.00  506.00  736.00  488.00  683.00  646.00  749.00  532.00  724.00  296.00  291.00  477.00  566.00 
 547.00  505.00  629.00  405.00    0.00  275.00  722.00  709.00  447.00  532.00  609.00  376.00  491.00  330.00  691.00  463.00  360.00  309.00  368.00  326.00  522.00  348.00  375.00  475.00  264.00 
 703.00  262.00  651.00  425.00  440.00    0.00  540.00  513.00  421.00  339.00  346.00  395.00  703.00  640.00  632.00  414.00  741.00  373.00  567.00  272.00  379.00  441.00  726.00  499.00  327.00 
 703.00  745.00  268.00  333.00  456.00  362.00    0.00  500.00  696.00  434.00  659.00  438.00  722.00  641.00  332.00  396.00  441.00  590.00  604.00  618.00  726.00  425.00  626.00  495.00  414.00 
 696.00  396.00  499.00  705.00  509.00  424.00  346.00    0.00  539.00  602.00  555.00  719.00  257.00  607.00  457.00  588.00  465.00  295.00  723.00  436.00  713.00  746.00  538.00  673.00  487.00 
 269.00  464.00  462.00  506.00  625.00  656.00  525.00  619.00    0.00  289.00  649.00  454.00  279.00  487.00  732.00  676.00  373.00  652.00  598.00  347.00  418.00  714.00  341.00  321.00  281.00 
 370.00  310.00  625.00  379.00  509.00  646.00  373.00  719.00  473.00    0.00  608.00  296.00  722.00  676.00  434.00  359.00  432.00  496.00  716.00  664.00  483.00  265.00  251.00  408.00  505.00 
 362.00  514.00  685.00  552.00  699.00  684.00  330.00  657.00  335.00  580.00    0.00  654.00  579.00  693.00  404.00  379.00  257.00  620.00  330.00  388.00  667.00  453.00  289.00  638.00  461.00 
 325.00  563.00  594.00  654.00  480.00  339.00  318.00  302.00  564.00  747.00  504.00    0.00  542.00  499.00  312.00  264.00  564.00  726.00  569.00  534.00  322.00  573.00  481.00  324.00  520.00 
 491.00  493.00  673.00  316.00  650.00  540.00  285.00  613.00  376.00  493.00  411.00  739.00    0.00  744.00  473.00  699.00  433.00  719.00  314.00  404.00  385.00  722.00  504.00  358.00  275.00 
 439.00  314.00  518.00  496.00  331.00  732.00  623.00  657.00  458.00  265.00  487.00  455.00  593.00    0.00  463.00  276.00  489.00  537.00  578.00  379.00  567.00  609.00  390.00  359.00  294.00 
 645.00  533.00  691.00  493.00  720.00  496.00  561.00  522.00  694.00  690.00  453.00  368.00  425.00  468.00    0.00  281.00  347.00  485.00  422.00  371.00  318.00  660.00  486.00  372.00  721.00 
 396.00  731.00  467.00  578.00  407.00  745.00  656.00  580.00  255.00  602.00  370.00  621.00  589.00  444.00  676.00    0.00  337.00  338.00  681.00  660.00  356.00  293.00  692.00  745.00  500.00 
 700.00  741.00  728.00  253.00  665.00  529.00  384.00  741.00  561.00  738.00  310.00  628.00  410.00  382.00  504.00  448.00    0.00  517.00  716.00  547.00  442.00  633.00  264.00  523.00  747.00 
 313.00  307.00  322.00  718.00  309.00  357.00  623.00  321.00  483.00  640.00  666.00  454.00  634.00  665.00  373.00  672.00  267.00    0.00  621.00  445.00  452.00  401.00  370.00  331.00  354.00 
 330.00  448.00  529.00  739.00  399.00  721.00  439.00  277.00  418.00  660.00  559.00  630.00  362.00  376.00  468.00  481.00  414.00  577.00    0.00  426.00  295.00  601.00  688.00  254.00  438.00 
 648.00  543.00  539.00  399.00  338.00  659.00  384.00  481.00  384.00  636.00  525.00  410.00  645.00  606.00  580.00  483.00  276.00  673.00  428.00    0.00  381.00  548.00  314.00  651.00  678.00 
 361.00  579.00  416.00  496.00  347.00  584.00  388.00  693.00  354.00  668.00  501.00  697.00  456.00  731.00  428.00  547.00  262.00  498.00  678.00  301.00    0.00  602.00  363.00  653.00  648.00 
 641.00  312.00  348.00  675.00  440.00  458.00  365.00  377.00  551.00  479.00  747.00  463.00  556.00  292.00  294.00  387.00  435.00  304.00  602.00  489.00  431.00    0.00  449.00  509.00  493.00 
 604.00  285.00  497.00  569.00  477.00  392.00  346.00  589.00  355.00  387.00  444.00  328.00  352.00  320.00  281.00  306.00  610.00  715.00  663.00  674.00  460.00  405.00    0.00  400.00  701.00 
 565.00  296.00  514.00  264.00  450.00  401.00  498.00  298.00  445.00  321.00  693.00  553.00  492.00  549.00  704.00  618.00  623.00  313.00  507.00  267.00  541.00  296.00  659.00    0.00  652.00 
 681.00  265.00  541.00  525.00  731.00  541.00  295.00  310.00  477.00  291.00  614.00  426.00  643.00  595.00  509.00  432.00  647.00  270.00  647.00  706.00  305.00  379.00  250.00  542.00    0.00 

Matriz de riscos:
   0.00    0.90    0.60    0.30    0.70    0.30    0.70    0.40    0.70    0.50    0.80    0.50    0.90    0.50    0.30    0.60    0.30    0.70    0.40    0.70    0.40    0.80    0.50    0.90    0.50 
   0.90    0.00    0.60    0.30    0.70    0.30    0.70    0.40    0.70    0.50    0.80    0.50    0.90    0.50    0.30    0.60    0.30    0.70    0.40    0.70    0.40    0.80    0.50    0.90    0.50 
   0.90    0.60    0.00    0.30    0.70    0.30    0.70    0.40    0.70    0.50    0.80    0.50    0.90    0.50    0.30    0.60    0.30    0.70    0.40    0.70    0.40    0.80    0.50    0.90    0.50 
   0.90    0.60    0.30    0.00    0.70    0.30    0.70    0.40    0.70    0.50    0.80    0.50    0.90    0.50    0.30    0.60    0.30    0.70    0.30    0.70    0.40    0.80    0.50    0.90    0.50 
   0.90    0.60    0.30    0.70    0.00    0.30    0.70    0.40    0.70    0.50    0.80    0.50    0.90    0.50    0.30    0.60    0.30    0.70    0.30    0.70    0.40    0.80    0.50    0.90    0.50 
   0.90    0.60    0.30    0.70    0.30    0.00    0.70    0.40    0.70    0.50    0.80    0.50    0.90    0.50    0.30    0.60    0.30    0.70    0.30    0.70    0.40    0.80    0.50    0.90    0.50 
   0.90    0.60    0.30    0.70    0.30    0.70    0.00    0.40    0.70    0.50    0.80    0.50    0.90    0.50    0.30    0.60    0.30    0.70    0.30    0.70    0.40    0.80    0.50    0.90    0.50 
   0.90    0.60    0.30    0.70    0.30    0.70    0.40    0.00    0.70    0.50    0.80    0.50    0.90    0.50    0.30    0.60    0.30    0.70    0.30    0.70    0.40    0.80    0.50    0.80    0.50 
   0.90    0.60    0.30    0.70    0.30    0.70    0.40    0.70    0.00    0.80    0.50    0.90    0.50    0.90    0.60    0.30    0.70    0.30    0.70    0.40    0.70    0.50    0.80    0.50    0.90 
   0.50    0.30    0.60    0.30    0.70    0.40    0.70    0.40    0.80    0.00    0.50    0.90    0.50    0.90    0.60    0.30    0.70    0.30    0.70    0.40    0.70    0.50    0.80    0.50    0.90 
   0.50    0.30    0.60    0.30    0.70    0.40    0.70    0.40    0.80    0.50    0.00    0.90    0.50    0.90    0.60    0.30    0.70    0.30    0.70    0.40    0.70    0.50    0.80    0.50    0.90 
   0.50    0.30    0.60    0.30    0.70    0.30    0.70    0.40    0.80    0.50    0.90    0.00    0.50    0.90    0.60    0.30    0.70    0.30    0.70    0.40    0.70    0.50    0.80    0.50    0.90 
   0.50    0.30    0.60    0.30    0.70    0.30    0.70    0.40    0.80    0.50    0.90    0.50    0.00    0.90    0.60    0.30    0.70    0.30    0.70    0.40    0.70    0.50    0.80    0.50    0.90 
   0.50    0.30    0.60    0.30    0.70    0.30    0.70    0.40    0.80    0.50    0.90    0.50    0.90    0.00    0.60    0.30    0.70    0.30    0.70    0.40    0.70    0.50    0.80    0.50    0.90 
   0.50    0.30    0.60    0.30    0.70    0.30    0.70    0.40    0.80    0.50    0.90    0.50    0.30    0.60    0.00    0.30    0.70    0.30    0.70    0.40    0.80    0.50    0.80    0.50    0.90 
   0.60    0.30    0.60    0.30    0.70    0.40    0.70    0.50    0.80    0.50    0.90    0.50    0.30    0.60    0.30    0.00    0.70    0.30    0.70    0.40    0.80    0.50    0.80    0.50    0.90 
   0.60    0.30    0.60    0.30    0.70    0.40    0.70    0.50    0.80    0.50    0.90    0.50    0.30    0.60    0.30    0.70    0.00    0.30    0.70    0.40    0.80    0.50    0.80    0.50    0.90 
   0.60    0.30    0.60    0.30    0.70    0.40    0.70    0.40    0.80    0.50    0.90    0.50    0.30    0.60    0.30    0.70    0.30    0.00    0.70    0.40    0.70    0.50    0.80    0.50    0.90 
   0.60    0.30    0.60    0.30    0.70    0.40    0.70    0.40    0.80    0.50    0.90    0.50    0.30    0.60    0.30    0.70    0.30    0.70    0.00    0.40    0.70    0.50    0.80    0.50    0.90 
   0.60    0.30    0.60    0.30    0.70    0.40    0.70    0.40    0.80    0.50    0.90    0.50    0.30    0.60    0.30    0.70    0.30    0.70    0.40    0.00    0.70    0.50    0.80    0.50    0.90 
   0.60    0.30    0.60    0.30    0.70    0.40    0.70    0.40    0.80    0.50    0.90    0.50    0.30    0.60    0.30    0.70    0.30    0.70    0.40    0.70    0.00    0.50    0.80    0.50    0.90 
   0.60    0.30    0.60    0.30    0.70    0.40    0.70    0.40    0.80    0.50    0.90    0.50    0.30    0.60    0.30    0.70    0.30    0.70    0.40    0.70    0.50    0.00    0.80    0.50    0.90 
   0.50    0.30    0.60    0.70    0.30    0.70    0.40    0.80    0.50    0.80    0.50    0.90    0.60    0.30    0.60    0.30    0.70    0.40    0.70    0.50    0.80    0.50    0.00    0.90    0.50 
   0.30    0.60    0.30    0.70    0.30    0.70    0.40    0.80    0.50    0.80    0.50    0.90    0.60    0.30    0.60    0.30    0.70    0.40    0.70    0.50    0.80    0.50    0.90    0.00    0.50 
   0.30    0.60    0.30    0.70    0.30    0.70    0.40    0.80    0.50    0.80    0.50    0.90    0.60    0.30    0.60    0.30    0.70    0.40    0.70    0.50    0.80    0.50    0.90    0.50    0.00 

Tempos mínimos:
KingsLanding: 2
Winterfell: 2
CasterlyRock: 2
Dragonstone: 2
Highgarden: 2
Sunspear: 2
Pyke: 2
Riverrun: 2
Storms_End: 2
Dorne: 2
The_Eyrie: 2
Oldtown: 2
The_Twins: 2
Harrenhal: 2
The_Wall: 2
Eastwatch: 2
Shadow_Tower: 2
Castle_Black: 2
Moat_Cailin: 2
White_Harbor: 2
Deepwood_Motte: 2
Karhold: 2
Dreadfort: 2
Last_Hearth: 2
Hornwood: 2

=== Execução do algoritmo ===

Resultados finais:
Custo: 11834.40
Tempo: 0.00 s
Gap: 13.96%
Viável: Sim

Rota encontrada:
KingsLanding Moat_Cailin Last_Hearth White_Harbor Shadow_Tower Dragonstone CasterlyRock Riverrun Castle_Black Winterfell Sunspear Hornwood Pyke The_Wall Eastwatch Storms_End Dorne Karhold Harrenhal Highgarden Oldtown Deepwood_Motte Dreadfort The_Twins The_Eyrie 
