=== PLI para TSP ===
Instância: large_1
Método: PLI
Número de cidades: 25

Matriz de custos (distância * (1 + risco)):
   0.00  660.00  756.00  885.00  947.70  539.20  889.20  878.40  618.80  518.40  726.60  493.20  946.50  714.00  837.00  777.40  444.00  925.60 1084.80  859.60  531.20  490.00  484.80  687.40  871.20 
1032.00    0.00  612.00 1045.50  934.70 1174.40  897.00  641.60  585.20  465.60  932.40  397.20  891.00  805.20  576.00  431.60  798.00  582.40  668.80  926.90  710.40  401.80  457.20  375.20  696.00 
 432.00  337.20    0.00  919.50  501.80  555.20  908.70 1126.40  501.20  449.60  898.80  409.20  586.50  520.80  678.00  599.30 1054.50  503.10  507.20  777.40  803.20  984.20  543.60  505.40  834.00 
 760.50  626.40  732.00    0.00  375.70  635.20  462.80  881.60  911.40 1080.00  378.00  526.80  783.00  537.60 1009.50  716.30  766.50  496.60  568.00  335.40  836.80  964.60  506.40  824.60  445.20 
 471.00  704.40  595.50  379.60    0.00  972.80  334.10 1096.00  526.40  657.60  865.20  658.80  591.00  483.60  976.50  871.00  837.00  929.50  728.00  328.90  460.80  982.80  361.20 1038.80  774.00 
 867.00  386.40  744.00  520.00 1169.60    0.00  947.70 1198.40  844.20  707.20  824.60  523.20  385.50  687.60  922.50  525.20  825.00  856.70  851.20  789.10  904.00  358.40  703.20  887.60  778.80 
 919.50  858.00  813.00  845.00  641.60  367.90    0.00  425.60 1005.20  452.80  449.40  518.40  910.00  556.80 1030.50  642.20  513.00  702.00 1123.20  418.60  852.80  694.40  408.00  935.20  829.20 
 969.00  470.40  760.50  327.60  555.20  616.20  803.20    0.00  648.20  636.80  704.20  319.20  954.80  654.00  706.50  601.50  629.20  913.60  475.80  660.80  768.60  486.40  422.80  792.00  447.00 
 518.40 1023.00  430.30  550.50  622.70 1001.60  532.00  481.60    0.00  781.20  561.60  739.20  667.20  871.50  655.20  526.50  744.90  416.00  396.50  830.40  476.00  604.80  943.60  891.60  990.00 
 691.20  918.00  847.60  726.00  835.90  852.80  429.00  646.40  474.60    0.00  706.80  896.00  508.80  558.00  474.00  439.50  795.60  814.40  647.40  617.60  963.20  971.20 1010.80  369.60  526.50 
 494.40  382.50  423.80  747.00  759.20 1105.60  825.50  417.60  403.20  622.80    0.00  464.80  590.40  523.50  355.20 1014.00  867.10  913.60  721.50  576.00  722.40  424.00  679.00  730.80  529.50 
 441.60  942.00  907.40 1111.50  617.50 1033.60  417.30  576.00 1022.00  302.40  863.80    0.00  722.40  591.00  847.20  709.50  343.20  897.60  759.20  803.20  358.40 1166.40  973.00  463.20  769.50 
 318.00 1122.00  655.20  795.00  549.90  796.80  546.00  883.20  985.60  609.60  995.40  546.00    0.00  831.00  780.00  478.50  952.90  662.40  348.40  408.00  723.80 1084.80  502.60  525.60 1069.50 
 726.00  613.50  838.50  859.50  484.90  835.20  865.80  760.00  583.80  534.00  676.20  646.80  639.00    0.00  780.00  793.50  952.90  593.60  559.00  604.80  630.00  616.00 1006.60  380.40  786.80 
 307.20  520.50  609.70  783.00  456.30  451.20  339.30  977.60  964.60  806.40  578.20  421.20  462.00  309.60    0.00  457.50  963.30  670.40  640.90 1032.00 1017.80 1155.20  905.80  672.00  905.80 
 424.80  678.00  413.40 1087.50  626.60  952.00  452.40 1124.80  621.60  447.60  641.20  847.20  402.00  590.40  687.00    0.00  946.40  820.80  759.20  574.40  630.00  488.00  848.40  735.60  842.80 
 862.80  816.00  357.50  585.00  747.50  990.40  897.00  926.40 1020.60  528.00 1047.20  514.80  561.00  811.20 1090.50  404.30    0.00  726.40  695.50  888.00  477.40  849.60  693.00  717.60  505.40 
 634.80 1045.50  611.00  457.50  496.60 1104.00  538.20  868.80  499.80  664.80  729.40  330.00 1033.50  499.20  513.00  750.10  691.20    0.00  520.00 1054.40  774.20  846.40  813.40  709.20  704.20 
 511.20  540.00  336.70  868.50  928.20 1153.60  646.10  865.60  544.60  484.80  838.60  879.60  685.50  708.00  525.00  405.60  750.00  461.50    0.00  745.60  939.40 1190.40  812.00  313.20  957.60 
 867.60  861.00  783.90  760.50  508.30  931.20  768.30  681.60  452.20  772.80 1034.60  541.20  502.50  342.00  837.00  423.80  397.50  518.70  539.20    0.00  652.40  428.80  428.40  744.00 1013.60 
 535.20  420.00  470.60  475.50  816.40  913.60  964.60 1134.40  361.20  414.00  847.00  692.40  622.50  532.80  594.00  642.20  652.50  726.70  528.00  467.60    0.00  729.60  413.00  841.20  707.00 
 591.60  624.00  833.30  868.50  937.30  958.40  516.10  833.60  714.00  364.80  506.80  402.00  763.50  363.60  495.00  592.80 1123.50  475.80  940.80  603.40  427.20    0.00  863.80  313.20  807.80 
 534.00  871.50  348.40  832.50  709.80  761.60  820.30  694.40  651.00  674.40  512.40  399.60  703.50  411.60  672.00  962.00 1060.50  825.50  513.60  911.40  792.00  959.00    0.00  787.20  690.20 
 364.80  592.50  490.10  526.50  413.40 1131.20  897.00  612.80  879.20  414.40  641.20  302.40  531.00  415.20  904.50  858.00 1051.50  625.30  915.20  464.80  652.80  946.40  703.20    0.00  638.40 
 690.00  991.50  898.30 1021.50  521.30 1187.20  431.60  670.40  497.00  796.80 1023.40  637.20 1026.00  692.40  762.00  708.50  879.00  575.90 1184.00  390.60  476.80  385.00  789.60  369.60    0.00 

Tempos mínimos:
KingsLanding: 4
Winterfell: 4
CasterlyRock: 4
Dragonstone: 4
Highgarden: 4
Sunspear: 4
Pyke: 4
Riverrun: 4
Storms_End: 4
Dorne: 4
The_Eyrie: 4
Oldtown: 4
The_Twins: 4
Harrenhal: 4
The_Wall: 4
Eastwatch: 4
Shadow_Tower: 4
Castle_Black: 4
Moat_Cailin: 4
White_Harbor: 4
Deepwood_Motte: 4
Karhold: 4
Dreadfort: 4
Last_Hearth: 4
Hornwood: 4

=== Execução do algoritmo ===
Resolvendo relaxação linear...
Relaxação linear resolvida. Valor: 9668.76

Resolvendo com parâmetros:
- Tempo limite: 600 segundos
- Gap alvo: 1.00%
- Presolve: ON
- Cuts: GMI=ON MIR=ON COV=ON CLQ=ON

Iniciando resolução MIP...
Solução ótima encontrada!

Rota encontrada:
1: KingsLanding
2: Shadow_Tower
3: Hornwood
4: White_Harbor
5: Harrenhal
6: Last_Hearth
7: Highgarden
8: Dreadfort
9: CasterlyRock
10: Winterfell
11: Eastwatch
12: The_Twins
13: Moat_Cailin
14: Castle_Black
15: Oldtown
16: Dorne
17: Pyke
18: Sunspear
19: Karhold
20: Deepwood_Motte
21: Storms_End
22: Riverrun
23: Dragonstone
24: The_Eyrie
25: The_Wall

Solução encontrada:
  Lower bound (relaxação): 9668.76
  Upper bound (inteira): 9691.80
  Gap: 0.24%

Resultados finais:
Custo: 9691.80
Tempo: 0.01 s
Gap: 0.24%
Viável: Sim

Rota encontrada:
KingsLanding Shadow_Tower Hornwood White_Harbor Harrenhal Last_Hearth Highgarden Dreadfort CasterlyRock Winterfell Eastwatch The_Twins Moat_Cailin Castle_Black Oldtown Dorne Pyke Sunspear Karhold Deepwood_Motte Storms_End Riverrun Dragonstone The_Eyrie The_Wall 
