=== PLI para TSP ===
Instância: large_2
Método: PLI
Número de cidades: 25

Matriz de custos (distância * (1 + risco)):
   0.00  592.80 1051.20  634.40  950.30  789.10 1048.90  852.60  732.70  816.00 1321.20  999.00  796.10  835.50  635.70  894.40  685.10 1178.10  434.00  984.30  715.40 1303.20  714.00  611.80  796.50 
 594.70    0.00  523.20  759.20  904.40  451.10 1057.40  491.40 1003.00  756.00  680.40 1059.00  788.50  618.00  581.10  641.60  647.40 1086.30  814.80  508.30  652.40  896.40  597.00 1050.70  666.00 
1337.60  433.60    0.00  925.60  878.90  613.60 1091.40  359.80  457.30  891.00 1148.40 1003.50  685.90  559.50  612.30  523.20  968.50  639.20  707.00  885.70  901.60 1101.60  546.00  685.90  726.00 
 906.30  809.60  410.80    0.00 1042.10  352.30 1008.10  488.60  895.90  945.00  772.20  994.50 1168.50  759.00  956.80  780.80  887.90 1098.20  973.70  904.40 1013.60  532.80  436.50  906.30  849.00 
1039.30  808.00  817.70  688.50    0.00  357.50 1227.40  992.60  759.90  798.00 1096.20  564.00  932.90  495.00  898.30  740.80  468.00  525.30  478.40  554.20  730.80  626.40  562.50  902.50  396.00 
1335.70  419.20  846.30  722.50  572.00    0.00  918.00  718.20  715.70  508.50  622.80  592.50 1335.70  960.00  821.60  662.40  963.30  634.10  737.10  462.40  530.60  793.80 1089.00  948.10  490.50 
1335.70 1192.00  348.40  566.10  592.80  615.40    0.00  700.00 1183.20  651.00 1186.20  657.00 1371.80  961.50  431.60  633.60  573.30 1003.00  785.20 1050.60 1016.40  765.00  939.00  940.50  621.00 
1322.40  633.60  648.70 1198.50  661.70  720.80  484.40    0.00  916.30  903.00  999.00 1078.50  488.30  910.50  594.10  940.80  604.50  501.50  939.90  741.20  998.20 1342.80  807.00 1211.40  730.50 
 511.10  742.40  600.60  860.20  812.50 1115.20  735.00 1052.30    0.00  520.20  973.50  862.60  418.50  925.30 1171.20  878.80  634.10  847.60 1016.60  485.80  710.60 1071.00  613.80  481.50  533.90 
 555.00  403.00 1000.00  492.70  865.30  904.40  634.10 1006.60  851.40    0.00  912.00  562.40 1083.00 1284.40  694.40  466.70  734.40  644.80 1217.20  929.60  821.10  397.50  451.80  612.00  959.50 
 543.00  668.20 1096.00  717.60 1188.30  957.60  561.00  919.80  603.00  870.00    0.00 1242.60  868.50 1316.70  646.40  492.70  436.90  806.00  561.00  543.20 1133.90  679.50  520.20  957.00  875.90 
 487.50  731.90  950.40  850.20  816.00  440.70  540.60  422.80 1015.20 1120.50  957.60    0.00  813.00  948.10  499.20  343.20  958.80  943.80  967.30  747.60  547.40  859.50  865.80  486.00  988.00 
 736.50  640.90 1076.80  410.80 1105.00  702.00  484.50  858.20  676.80  739.50  780.90 1108.50    0.00 1413.60  756.80  908.70  736.10  934.70  533.80  565.60  654.50 1083.00  907.20  537.00  522.50 
 658.50  408.20  828.80  644.80  562.70  951.60 1059.10  919.80  824.40  397.50  925.30  682.50 1126.70    0.00  740.80  358.80  831.30  698.10  982.60  530.60  963.90  913.50  702.00  538.50  558.60 
 967.50  692.90 1105.60  640.90 1224.00  644.80  953.70  730.80 1249.20 1035.00  860.70  552.00  552.50  748.80    0.00  365.30  589.90  630.50  717.40  519.40  572.40  990.00  874.80  558.00 1369.90 
 633.60  950.30  747.20  751.40  691.90 1043.00 1115.20  870.00  459.00  903.00  703.00  931.50  765.70  710.40  878.80    0.00  572.90  439.40 1157.70  924.00  640.80  439.50 1245.60 1117.50  950.00 
1120.00  963.30 1164.80  328.90 1130.50  740.60  652.80 1111.50 1009.80 1107.00  589.00  942.00  533.00  611.20  655.20  761.60    0.00  672.10 1217.20  765.80  795.60  949.50  475.20  784.50 1419.30 
 500.80  399.10  515.20  933.40  525.30  499.80 1059.10  449.40  869.40  960.00 1265.40  681.00  824.20 1064.00  484.90 1142.40  347.10    0.00 1055.70  623.00  768.40  601.50  666.00  496.50  672.60 
 528.00  582.40  846.40  960.70  678.30 1009.40  746.30  387.80  752.40  990.00 1062.10  945.00  470.60  601.60  608.40  817.70  538.20  980.90    0.00  596.40  501.50  901.50 1238.40  381.00  832.20 
1036.80  705.90  862.40  518.70  574.60  922.60  652.80  673.40  691.20  954.00  997.50  615.00  838.50  969.60  754.00  821.10  358.80 1144.10  599.20    0.00  647.70  822.00  565.20  976.50 1288.20 
 577.60  752.70  665.60  644.80  589.90  817.60  659.60  970.20  637.20 1002.00  951.90 1045.50  592.80 1169.60  556.40  929.90  340.60  846.60  949.20  511.70    0.00  903.00  653.40  979.50 1231.20 
1025.60  405.60  556.80  877.50  748.00  641.20  620.50  527.80  991.80  718.50 1419.30  694.50  722.80  467.20  382.20  657.90  565.50  516.80  842.80  831.30  646.50    0.00  808.20  763.50  936.70 
 906.00  370.50  795.20  967.30  620.10  666.40  484.40 1060.20  532.50  696.60  666.00  623.20  563.20  416.00  449.60  397.80 1037.00 1001.00 1127.10 1011.00  828.00  607.50    0.00  760.00 1051.50 
 734.50  473.60  668.20  448.80  585.00  681.70  697.20  536.40  667.50  577.80 1039.50 1050.70  787.20  713.70 1126.40  803.40 1059.10  438.20  861.90  400.50  973.80  444.00 1252.10    0.00  978.00 
 885.30  424.00  703.30  892.50  950.30  919.70  413.00  558.00  715.50  523.80  921.00  809.40 1028.80  773.50  814.40  561.60 1099.90  378.00 1099.90 1059.00  549.00  568.50  475.00  813.00    0.00 

Tempos mínimos:
KingsLanding: 2
Winterfell: 2
CasterlyRock: 2
Dragonstone: 2
Highgarden: 2
Sunspear: 2
Pyke: 2
Riverrun: 2
Storms_End: 2
Dorne: 2
The_Eyrie: 2
Oldtown: 2
The_Twins: 2
Harrenhal: 2
The_Wall: 2
Eastwatch: 2
Shadow_Tower: 2
Castle_Black: 2
Moat_Cailin: 2
White_Harbor: 2
Deepwood_Motte: 2
Karhold: 2
Dreadfort: 2
Last_Hearth: 2
Hornwood: 2

=== Execução do algoritmo ===
Resolvendo relaxação linear...
Relaxação linear resolvida. Valor: 10877.62

Resolvendo com parâmetros:
- Tempo limite: 600 segundos
- Gap alvo: 1.00%
- Presolve: ON
- Cuts: GMI=ON MIR=ON COV=ON CLQ=ON

Iniciando resolução MIP...
Erro na otimização MIP: 14

Resultados finais:
Custo: 0.00
Tempo: 0.40 s
Gap: 0.00%
Viável: Não

Rota encontrada:
KingsLanding KingsLanding KingsLanding KingsLanding KingsLanding KingsLanding KingsLanding KingsLanding KingsLanding KingsLanding KingsLanding KingsLanding KingsLanding KingsLanding KingsLanding KingsLanding KingsLanding KingsLanding KingsLanding KingsLanding KingsLanding KingsLanding KingsLanding KingsLanding KingsLanding 
