=== PLI para TSP ===
Instância: large_3
Método: PLI
Número de cidades: 25

Matriz de custos (distância * (1 + risco)):
   0.00 1038.80  886.80  646.80  682.80  814.50  607.20  414.00  873.60  971.20  577.20  793.60  411.60  456.00  938.00  333.60  636.00  316.80  414.00  881.40  735.00  494.00  851.20  621.40 1011.20 
 599.20    0.00  398.40  764.40  888.00  664.80  517.50  774.80 1053.00  777.40  728.00  560.00 1161.60  467.60  354.00  968.80  420.00  729.00  768.00 1111.50  477.10  764.80  674.70 1123.20  718.20 
1030.40  439.60    0.00  456.00  931.50  890.40  891.00  813.80  597.00  782.60  505.60  859.60  732.80  488.60  805.20  519.40  520.80  714.00  392.40  927.00  397.80  584.00  854.10  457.60  607.60 
 979.20  763.00  550.80    0.00  421.50  856.80 1104.00  612.30  415.50  512.20  425.60  793.80  523.20  826.00  790.80  963.20  870.00  508.50  399.60  636.00  517.40  932.80  557.70  779.20  471.80 
 716.80 1005.20  328.80  840.00    0.00  400.80  819.00  891.80 1000.50  694.20 1105.60  603.40 1150.40  421.40  831.60  754.60  538.80 1029.00  404.40  426.00  737.10  726.40  678.60  723.20  848.40 
 704.00  418.60  421.20  973.50  342.00    0.00  382.50  529.10  414.00  325.00  646.40  955.50  934.40  901.60  442.80  477.40  668.40 1098.00  498.00  960.00  924.30  892.80  538.20  979.20  735.00 
 454.40  425.60  490.80  567.00  733.20 1054.50    0.00  383.50  847.50  642.20 1180.80  754.00  905.60  740.60  439.20  905.80  690.00  609.00  471.60  742.50  509.60  708.80  638.30  771.20  904.40 
 817.60  873.60  328.80  699.00  339.60  972.00  626.60    0.00  691.50  358.80  764.80  423.80 1081.60  438.20  450.00  751.80  466.80  376.50  530.40  693.00  841.10  531.20  655.20 1126.40  551.60 
 537.60  471.80  304.80  507.00  703.20  639.00  813.80 1050.00    0.00  344.50  476.80  455.00  868.80  670.60  717.60  963.20  336.00  969.00  334.80  423.00  729.30  460.80  910.00  992.00  833.00 
 460.80  487.20  620.40  463.50  866.40  850.50  557.70  876.00  416.00    0.00  680.00  401.70 1112.00  620.20  542.40  425.60  580.80  724.50  308.40  880.50  488.80 1057.60  457.60  515.20 1029.00 
 694.40  978.60  831.60  666.40  609.60  744.00  612.30  694.50  354.90  996.80    0.00  867.10  441.60  933.80  808.80  967.40  636.00 1041.00  777.60 1042.50  449.80  883.20  598.00 1017.60  462.00 
 878.40  499.80  492.00  445.20  622.80  789.00  687.70  861.00  399.10  796.80  837.20    0.00 1193.60  539.00  684.00  838.60  686.40  753.00  694.80  799.50  939.90  977.60  777.40 1025.60  530.60 
 673.60  523.60  374.40  830.20  560.40  555.00  939.90  739.50  825.50  900.80  787.80  532.80    0.00  401.80  465.60  705.60  414.00  790.50  697.20  927.00  444.60  920.00  798.20  427.20  973.00 
 952.00  789.60  404.40  939.40  612.00  901.50  929.50  817.50  425.10  753.60  646.10  494.40  999.60    0.00  583.20  404.60  679.20  517.50  726.00  948.00  644.80  969.60  513.50 1049.60  401.80 
1140.80  491.40  686.40  863.80  895.20  871.50  717.60  954.00  390.00 1168.00  351.00  460.80  739.20  764.40    0.00  887.60  799.20  892.50  498.00  381.00  724.10  447.00  739.70 1171.20  840.00 
 484.80  830.20  733.20  795.20  754.80  687.00  369.20  714.00  447.20  568.00  375.70  484.80 1033.20  409.20  772.80    0.00  597.60 1033.50  726.00  637.50  505.70  804.00  748.80 1129.60  579.60 
 742.40  357.00  583.20  709.80  838.80  901.50  451.10  619.50  686.40 1072.00  783.90  616.00  350.00  854.40  561.40  540.00    0.00  687.00  772.80  789.00  364.00  951.00  894.40 1035.20  484.40 
 737.60  355.60  673.20  513.80  782.40  720.00  583.70  688.50  395.20  603.20  344.50  768.00  848.40  307.20  939.40  421.20  603.00    0.00  662.40  853.50  605.80  459.00  535.60  969.60 1034.60 
 404.80  844.20  525.60  379.40  316.80  955.50  395.20  414.00  533.00  441.60  393.90  905.60  653.80  802.80  714.00  598.80  913.50  526.80    0.00  498.00  832.00  673.50  464.10  419.20  361.20 
 576.00  789.60  442.80  621.60  774.00  904.50  670.80  612.00  331.50 1166.40  455.00  667.20  928.20  627.20  659.40  412.80  976.50  776.40  771.00    0.00  526.50  822.00  750.10  758.40  971.60 
 692.80  610.40  391.20  792.40  486.00  732.00  946.40 1062.00  651.30  475.20  689.00  900.80  401.80 1148.80  740.60  662.40  465.00  387.60  726.00  959.40    0.00  915.00  796.90 1038.40  617.40 
1112.00  905.80  507.60  359.80  850.80  603.00  722.80  411.00  590.20  756.80  722.80  779.20  450.80  987.20  369.60  685.20 1072.50  540.00  426.00  929.50  852.00    0.00  491.40  531.20  645.40 
1060.80  632.80  603.60  886.20  712.80  570.00  552.50  978.00  842.40 1006.40  899.60  854.40  980.00 1155.20  998.20  788.40  667.50  825.60  799.50  617.50  492.00  916.50    0.00  444.80 1001.00 
 883.20  365.40  552.00  614.60  830.40  639.00  903.50  385.50  496.60  524.80  604.50  984.00  436.80  796.80  515.20  710.40  654.00  574.80  984.00  780.00  777.00  492.70 1105.60    0.00  463.40 
 860.80  362.60  759.60  673.40  309.60  946.50  642.00 1107.00  460.20  918.40  464.10 1049.60  950.60 1059.20  518.00  585.60  592.50  517.20  495.00  795.60  759.00  897.00  955.20  575.40    0.00 

Tempos mínimos:
KingsLanding: 4
Winterfell: 4
CasterlyRock: 4
Dragonstone: 4
Highgarden: 4
Sunspear: 4
Pyke: 4
Riverrun: 4
Storms_End: 4
Dorne: 4
The_Eyrie: 4
Oldtown: 4
The_Twins: 4
Harrenhal: 4
The_Wall: 4
Eastwatch: 4
Shadow_Tower: 4
Castle_Black: 4
Moat_Cailin: 4
White_Harbor: 4
Deepwood_Motte: 4
Karhold: 4
Dreadfort: 4
Last_Hearth: 4
Hornwood: 4

=== Execução do algoritmo ===
Resolvendo relaxação linear...
Relaxação linear resolvida. Valor: 9723.44

Resolvendo com parâmetros:
- Tempo limite: 600 segundos
- Gap alvo: 1.00%
- Presolve: ON
- Cuts: GMI=ON MIR=ON COV=ON CLQ=ON

Iniciando resolução MIP...
Solução ótima encontrada!

Rota encontrada:
1: KingsLanding
2: Karhold
3: Dreadfort
4: Last_Hearth
5: Winterfell
6: The_Wall
7: White_Harbor
8: Eastwatch
9: Pyke
10: Riverrun
11: Oldtown
12: Dragonstone
13: The_Eyrie
14: Storms_End
15: Shadow_Tower
16: The_Twins
17: CasterlyRock
18: Deepwood_Motte
19: Castle_Black
20: Harrenhal
21: Hornwood
22: Highgarden
23: Sunspear
24: Dorne
25: Moat_Cailin

Solução encontrada:
  Lower bound (relaxação): 9723.44
  Upper bound (inteira): 9749.00
  Gap: 0.26%

Resultados finais:
Custo: 9749.00
Tempo: 0.01 s
Gap: 0.26%
Viável: Sim

Rota encontrada:
KingsLanding Karhold Dreadfort Last_Hearth Winterfell The_Wall White_Harbor Eastwatch Pyke Riverrun Oldtown Dragonstone The_Eyrie Storms_End Shadow_Tower The_Twins CasterlyRock Deepwood_Motte Castle_Black Harrenhal Hornwood Highgarden Sunspear Dorne Moat_Cailin 
