=== PLI para TSP ===
Instância: medium_2
Método: BB
Número de cidades: 10

Matriz de custos (distância * (1 + risco)):
     0.00 144.00 195.00  88.00 132.00 117.00 156.00 110.00 168.00 123.50 
   144.00   0.00 108.00 182.00 121.00 192.00 110.50 156.00 132.00 168.00 
   195.00 108.00   0.00  84.00 169.00 165.00 144.00 104.00 132.00 110.00 
    88.00 182.00  84.00   0.00 120.00 169.00  99.00 144.00 104.00 180.00 
   132.00 121.00 169.00 120.00   0.00  96.00 182.00 121.00 108.00 156.00 
   117.00 192.00 165.00 169.00  96.00   0.00 144.00 117.00 154.00 132.00 
   156.00 110.50 144.00  99.00 182.00 144.00   0.00 120.00 169.00  88.00 
   110.00 156.00 104.00 144.00 121.00 117.00 120.00   0.00  84.00 182.00 
   168.00 132.00 132.00 104.00 108.00 154.00 169.00  84.00   0.00 144.00 
   123.50 168.00 110.00 180.00 156.00 132.00  88.00 182.00 144.00   0.00 

Tempos mínimos:
KingsLanding: 10
Winterfell: 8
CasterlyRock: 7
Dragonstone: 6
Highgarden: 7
Sunspear: 5
Pyke: 6
Riverrun: 7
Storms_End: 8
The_Eyrie: 6

=== Execução do algoritmo ===
Resolvendo relaxação linear...
Relaxação linear resolvida. Valor: 900.00

Resolvendo com parâmetros:
- Tempo limite: 600 segundos
- Gap alvo: 1.00%
- Presolve: ON
- Cuts: GMI=ON MIR=ON COV=ON CLQ=ON

Iniciando resolução MIP...

Nova solução encontrada:
Custo: 1038.50
Gap: 13.34%

Nova solução encontrada:
Custo: 1008.50
Gap: 10.76%

Solução encontrada:
  Lower bound (relaxação): 900.00
  Upper bound (inteira): 1008.50
  Gap: 10.76%

Resultados finais:
Status: Solução ótima encontrada
Custo: 1008.50
Tempo: 0.10 s
Gap: 10.76%
Viável: Sim

Rota encontrada:
KingsLanding Dragonstone CasterlyRock Winterfell Pyke The_Eyrie Sunspear Highgarden Storms_End Riverrun 
Solução é viável porque:
- Todas as cidades são visitadas exatamente uma vez
- Tempo total (70) respeita o poder de KingsLanding (200)
- Rota forma um ciclo válido começando e terminando em KingsLanding
