=== PLI para TSP ===
Instância: medium_1
Método: BB
Número de cidades: 10

Matriz de custos (distância * (1 + risco)):
     0.00 192.00 247.00 143.00 204.00 182.00 216.00 165.00 222.00 188.50 
   192.00   0.00 168.00 234.00 176.00 240.00 175.50 210.00 181.50 216.00 
   247.00 168.00   0.00 144.00 221.00 209.00 192.00 169.00 186.00 165.00 
   143.00 234.00 144.00   0.00 180.00 221.00 154.00 192.00 169.00 228.00 
   204.00 176.00 221.00 180.00   0.00 156.00 234.00 176.00 168.00 214.50 
   182.00 240.00 209.00 221.00 156.00   0.00 192.00 182.00 198.00 192.00 
   216.00 175.50 192.00 154.00 234.00 192.00   0.00 180.00 221.00 143.00 
   165.00 210.00 169.00 192.00 176.00 182.00 180.00   0.00 144.00 234.00 
   222.00 181.50 186.00 169.00 168.00 198.00 221.00 144.00   0.00 198.00 
   188.50 216.00 165.00 228.00 214.50 192.00 143.00 234.00 198.00   0.00 

Tempos mínimos:
KingsLanding: 12
Winterfell: 10
CasterlyRock: 11
Dragonstone: 9
Highgarden: 10
Sunspear: 8
Pyke: 9
Riverrun: 10
Storms_End: 11
The_Eyrie: 9

=== Execução do algoritmo ===
Resolvendo relaxação linear...
Relaxação linear resolvida. Valor: 1484.00

Resolvendo com parâmetros:
- Tempo limite: 600 segundos
- Gap alvo: 1.00%
- Presolve: ON
- Cuts: GMI=ON MIR=ON COV=ON CLQ=ON

Iniciando resolução MIP...

Nova solução encontrada:
Custo: 1622.50
Gap: 8.54%

Nova solução encontrada:
Custo: 1610.00
Gap: 7.83%

Nova solução encontrada:
Custo: 1598.50
Gap: 7.16%

Solução encontrada:
  Lower bound (relaxação): 1484.00
  Upper bound (inteira): 1598.50
  Gap: 7.16%

Resultados finais:
Status: Solução ótima encontrada
Custo: 1598.50
Tempo: 5.77 s
Gap: 7.16%
Viável: Sim

Rota encontrada:
KingsLanding Dragonstone CasterlyRock Winterfell Pyke The_Eyrie Sunspear Highgarden Storms_End Riverrun 
Solução é viável porque:
- Todas as cidades são visitadas exatamente uma vez
- Tempo total (99) respeita o poder de KingsLanding (250)
- Rota forma um ciclo válido começando e terminando em KingsLanding
