=== PLI para TSP ===
Instância: small_2
Método: BB
Número de cidades: 5

Matriz de custos (distância * (1 + risco)):
     0.00 117.00 168.00  84.00 130.00 
   117.00   0.00 104.00 154.00 102.00 
   168.00 104.00   0.00  78.00 133.00 
    84.00 154.00  78.00   0.00  97.50 
   130.00 102.00 133.00  97.50   0.00 

Tempos mínimos:
KingsLanding: 8
Winterfell: 6
CasterlyRock: 5
Dragonstone: 4
Highgarden: 7

=== Execução do algoritmo ===
Resolvendo relaxação linear...
Relaxação linear resolvida. Valor: 439.50

Resolvendo com parâmetros:
- Tempo limite: 600 segundos
- Gap alvo: 1.00%
- Presolve: ON
- Cuts: GMI=ON MIR=ON COV=ON CLQ=ON

Iniciando resolução MIP...

Nova solução encontrada:
Custo: 498.00
Gap: 11.75%

Solução encontrada:
  Lower bound (relaxação): 439.50
  Upper bound (inteira): 498.00
  Gap: 11.75%

Resultados finais:
Status: Solução ótima encontrada
Custo: 498.00
Tempo: 0.00 s
Gap: 11.75%
Viável: Sim

Rota encontrada:
KingsLanding Dragonstone CasterlyRock Winterfell Highgarden 
Solução é viável porque:
- Todas as cidades são visitadas exatamente uma vez
- Tempo total (30) respeita o poder de KingsLanding (80)
- Rota forma um ciclo válido começando e terminando em KingsLanding
